0 info it worked if it ends with ok
1 verbose cli [ 'node',
1 verbose cli   '/usr/local/lib/node_modules/cnpm/node_modules/.bin/npm',
1 verbose cli   '--userconfig=/Users/oconner/.cnpmrc',
1 verbose cli   '--disturl=https://npm.taobao.org/mirrors/node',
1 verbose cli   '--cache=/Users/oconner/.cnpm',
1 verbose cli   '--registry=https://registry.npm.taobao.org',
1 verbose cli   '--node-gyp=/usr/local/lib/node_modules/cnpm/node_modules/pangyp/bin/node-gyp.js',
1 verbose cli   'start',
1 verbose cli   'run' ]
2 info using npm@2.13.3
3 info using node@v0.10.29
4 verbose run-script [ 'prestart', 'start', 'poststart' ]
5 info prestart program@0.1.0
6 info start program@0.1.0
7 verbose unsafe-perm in lifecycle true
8 info program@0.1.0 Failed to exec start script
9 verbose stack Error: program@0.1.0 start: `npm run serve | npm run dev "run"`
9 verbose stack Exit status 34
9 verbose stack     at EventEmitter.<anonymous> (/usr/local/lib/node_modules/cnpm/node_modules/npm/lib/utils/lifecycle.js:214:16)
9 verbose stack     at EventEmitter.emit (events.js:98:17)
9 verbose stack     at ChildProcess.<anonymous> (/usr/local/lib/node_modules/cnpm/node_modules/npm/lib/utils/spawn.js:24:14)
9 verbose stack     at ChildProcess.emit (events.js:98:17)
9 verbose stack     at maybeClose (child_process.js:755:16)
9 verbose stack     at Process.ChildProcess._handle.onexit (child_process.js:822:5)
10 verbose pkgid program@0.1.0
11 verbose cwd /Users/oconner/Sites/React/core_link
12 error Darwin 14.0.0
13 error argv "node" "/usr/local/lib/node_modules/cnpm/node_modules/.bin/npm" "--userconfig=/Users/oconner/.cnpmrc" "--disturl=https://npm.taobao.org/mirrors/node" "--cache=/Users/oconner/.cnpm" "--registry=https://registry.npm.taobao.org" "--node-gyp=/usr/local/lib/node_modules/cnpm/node_modules/pangyp/bin/node-gyp.js" "start" "run"
14 error node v0.10.29
15 error npm  v2.13.3
16 error code ELIFECYCLE
17 error program@0.1.0 start: `npm run serve | npm run dev "run"`
17 error Exit status 34
18 error Failed at the program@0.1.0 start script 'npm run serve | npm run dev "run"'.
18 error This is most likely a problem with the program package,
18 error not with npm itself.
18 error Tell the author that this fails on your system:
18 error     npm run serve | npm run dev "run"
18 error You can get their info via:
18 error     npm owner ls program
18 error There is likely additional logging output above.
19 verbose exit [ 1, true ]
